<?xml version="1.0" encoding="UTF-8"?>
<!-- Generated by org.testng.reporters.JUnitXMLReporter -->
<testsuite ignored="0" hostname="CO-IT020028" failures="1" tests="1" name="Purchase Product" time="2.633" errors="0" timestamp="2024-08-25T20:52:13 COT">
  <testcase classname="com.globant.tests.PurchaseProductTest" name="checkSuccessfulPurchase" time="0.005">
    <failure type="java.lang.NullPointerException">
      <![CDATA[java.lang.NullPointerException
at com.globant.tests.PurchaseProductTest.checkSuccessfulPurchase(PurchaseProductTest.java:18)
at java.base/java.util.ArrayList.forEach(ArrayList.java:1541)
... Removed 31 stack frames]]>
    </failure>
  </testcase> <!-- checkSuccessfulPurchase -->
</testsuite> <!-- Purchase Product -->
